<?xml version="1.0" encoding="UTF-8"?>
<!-- Generated by org.testng.reporters.JUnitReportReporter -->
<testsuite hostname="DESKTOP-10OVK6H" failures="0" tests="1" name="test.SimpleTest" time="0.016" errors="0" timestamp="2022-04-26T16:29:27 IST" skipped="0">
  <testcase classname="test.SimpleTest" name="testTitle" time="0.016"/>
  <system-out/>
</testsuite> <!-- test.SimpleTest -->
